Compiling hw2-1.mzn, with additional data hw2-1.dzn
Running hw2-1.mzn
assigned =
[| "1", "0", "0", "0", "0", "0", "0", "1", "1" |
   "1", "0", "0", "1", "0", "0", "1", "0", "1" |
   "0", "0", "0", "0", "1", "1", "0", "0", "0" |
   "0", "1", "1", "0", "0", "0", "0", "0", "0" |
   "0", "1", "0", "0", "0", "0", "0", "0", "0" |]

obj = 107
----------
assigned =
[| "1", "0", "0", "0", "0", "0", "0", "1", "1" |
   "1", "0", "0", "1", "0", "0", "1", "0", "1" |
   "0", "0", "0", "0", "1", "1", "0", "0", "0" |
   "0", "1", "1", "0", "0", "0", "0", "0", "0" |
   "0", "1", "0", "0", "0", "0", "0", "0", "0" |]

obj = 107
----------
==========
Finished in 153msec
