Compiling hw2-2.mzn, with additional data hw2-2.dzn
Running hw2-2.mzn
Damian Lillard [PG] plays OTHER_GUARD, avg points = 43.778, salary = 8500
Ben Simmons [PG, SF] plays POINT_GUARD, avg points = 41.729, salary = 8100
Devin Booker [PG, SG] plays UTILITY, avg points = 39.152, salary = 7600
Paul George [SF] plays OTHER_FORWARD, avg points = 38.26, salary = 7400
Robert Covington [PF, SF] plays POWER_FORWARD, avg points = 28.435, salary = 5300
Taurean Prince [SG, SF] plays SHOOTING_GUARD, avg points = 24.544, salary = 4500
John Collins [PF, C] plays CENTER, avg points = 23.983, salary = 4400
Jeremy Lamb [SG, SF] plays SMALL_FORWARD, avg points = 24.898, salary = 4200
salary spent = 50000
obj = 264.7790000000001
----------
Damian Lillard [PG] plays OTHER_GUARD, avg points = 43.778, salary = 8500
Ben Simmons [PG, SF] plays POINT_GUARD, avg points = 41.729, salary = 8100
Devin Booker [PG, SG] plays UTILITY, avg points = 39.152, salary = 7600
Paul George [SF] plays OTHER_FORWARD, avg points = 38.26, salary = 7400
Robert Covington [PF, SF] plays POWER_FORWARD, avg points = 28.435, salary = 5300
Taurean Prince [SG, SF] plays SHOOTING_GUARD, avg points = 24.544, salary = 4500
John Collins [PF, C] plays CENTER, avg points = 23.983, salary = 4400
Jeremy Lamb [SG, SF] plays SMALL_FORWARD, avg points = 24.898, salary = 4200
salary spent = 50000
obj = 264.7790000000001
----------
==========
Finished in 103msec
